{"numFailedTestSuites":0,"numFailedTests":0,"numPassedTestSuites":3,"numPassedTests":10,"numPendingTestSuites":0,"numPendingTests":0,"numRuntimeErrorTestSuites":0,"numTodoTests":0,"numTotalTestSuites":3,"numTotalTests":10,"openHandles":[],"snapshot":{"added":0,"didUpdate":false,"failure":false,"filesAdded":0,"filesRemoved":0,"filesRemovedList":[],"filesUnmatched":0,"filesUpdated":0,"matched":0,"total":0,"unchecked":0,"uncheckedKeysByFile":[],"unmatched":0,"updated":0},"startTime":1753071257545,"success":true,"testResults":[{"assertionResults":[{"ancestorTitles":["ComplaintDetail"],"failureMessages":[],"fullName":"ComplaintDetail loads and displays complaint detail, including resolved info","location":null,"status":"passed","title":"loads and displays complaint detail, including resolved info"},{"ancestorTitles":["ComplaintDetail"],"failureMessages":[],"fullName":"ComplaintDetail shows error UI if backend fails","location":null,"status":"passed","title":"shows error UI if backend fails"}],"endTime":1753071260934,"message":"","name":"/home/coder/project/workspace/question_generation_service/solutions/fde690cb-b053-4f31-aa70-ff3fb242475e/reactapp/src/components/ComplaintDetail.test.js","startTime":1753071258591,"status":"passed","summary":""},{"assertionResults":[{"ancestorTitles":["ComplaintForm"],"failureMessages":[],"fullName":"ComplaintForm renders all form fields","location":null,"status":"passed","title":"renders all form fields"},{"ancestorTitles":["ComplaintForm"],"failureMessages":[],"fullName":"ComplaintForm validates empty/invalid fields and shows errors","location":null,"status":"passed","title":"validates empty/invalid fields and shows errors"},{"ancestorTitles":["ComplaintForm"],"failureMessages":[],"fullName":"ComplaintForm shows success message after valid submission","location":null,"status":"passed","title":"shows success message after valid submission"},{"ancestorTitles":["ComplaintForm"],"failureMessages":[],"fullName":"ComplaintForm shows API error message if submission fails","location":null,"status":"passed","title":"shows API error message if submission fails"}],"endTime":1753071261111,"message":"","name":"/home/coder/project/workspace/question_generation_service/solutions/fde690cb-b053-4f31-aa70-ff3fb242475e/reactapp/src/components/ComplaintForm.test.js","startTime":1753071258581,"status":"passed","summary":""},{"assertionResults":[{"ancestorTitles":["ComplaintList"],"failureMessages":[],"fullName":"ComplaintList renders complaints and fields, enables clicking to detail","location":null,"status":"passed","title":"renders complaints and fields, enables clicking to detail"},{"ancestorTitles":["ComplaintList"],"failureMessages":[],"fullName":"ComplaintList filters by status","location":null,"status":"passed","title":"filters by status"},{"ancestorTitles":["ComplaintList"],"failureMessages":[],"fullName":"ComplaintList filters by search box","location":null,"status":"passed","title":"filters by search box"},{"ancestorTitles":["ComplaintList"],"failureMessages":[],"fullName":"ComplaintList shows empty state if none returned","location":null,"status":"passed","title":"shows empty state if none returned"}],"endTime":1753071261109,"message":"","name":"/home/coder/project/workspace/question_generation_service/solutions/fde690cb-b053-4f31-aa70-ff3fb242475e/reactapp/src/components/ComplaintList.test.js","startTime":1753071258643,"status":"passed","summary":""}],"wasInterrupted":false}